<?xml version="1.0" encoding="UTF-8"?>
<testng-results ignored="0" total="1" passed="1" failed="0" skipped="0">
  <reporter-output>
  </reporter-output>
  <suite started-at="2024-05-03T23:54:46 IST" name="Default suite" finished-at="2024-05-03T23:55:16 IST" duration-ms="29501">
    <groups>
    </groups>
    <test started-at="2024-05-03T23:54:46 IST" name="Default test" finished-at="2024-05-03T23:55:16 IST" duration-ms="29501">
      <class name="PageTestCases">
        <test-method is-config="true" signature="setUp()[pri:0, instance:PageTestCases@33065d67]" started-at="2024-05-03T23:54:46 IST" name="setUp" finished-at="2024-05-03T23:54:49 IST" duration-ms="2700" status="PASS">
          <reporter-output>
          </reporter-output>
        </test-method> <!-- setUp -->
        <test-method signature="testTextBox()[pri:0, instance:PageTestCases@33065d67]" started-at="2024-05-03T23:54:49 IST" name="testTextBox" finished-at="2024-05-03T23:55:16 IST" duration-ms="26725" status="PASS">
          <reporter-output>
          </reporter-output>
        </test-method> <!-- testTextBox -->
      </class> <!-- PageTestCases -->
    </test> <!-- Default test -->
  </suite> <!-- Default suite -->
</testng-results>
